<xml>
    <appId>wxa5faac661e4a3577</appId>
    <secret>c2de0293a7b6770794c579af036b9f07</secret>
    <token>wzhtuniu</token>
    <aesKey>bCpMF6ejSzUW3Q7ARVpREDcNcYG3PxhENK9kw78C2yE</aesKey>
    <accessToken>11</accessToken>
    <expiresTime>1111</expiresTime>
    <openId></openId>
    <oauth2redirectUri>http://wu-tuniu.imwork.net/wechat-java-demo/index.jsp</oauth2redirectUri>
</xml>
